{"C:\\Users\\Josue\\Desktop\\Cloud-Workshops\\Jest_APITesting\\space-app-api\\app.js": {"path":"C:\\Users\\Josue\\Desktop\\Cloud-Workshops\\Jest_APITesting\\space-app-api\\app.js","statementMap":{"0":{"start":{"line":1,"column":18},"end":{"line":1,"column":40}},"1":{"start":{"line":2,"column":14},"end":{"line":2,"column":32}},"2":{"start":{"line":3,"column":11},"end":{"line":3,"column":26}},"3":{"start":{"line":4,"column":19},"end":{"line":4,"column":43}},"4":{"start":{"line":5,"column":13},"end":{"line":5,"column":30}},"5":{"start":{"line":7,"column":18},"end":{"line":7,"column":43}},"6":{"start":{"line":8,"column":18},"end":{"line":8,"column":43}},"7":{"start":{"line":10,"column":10},"end":{"line":10,"column":19}},"8":{"start":{"line":13,"column":0},"end":{"line":13,"column":48}},"9":{"start":{"line":14,"column":0},"end":{"line":14,"column":31}},"10":{"start":{"line":16,"column":0},"end":{"line":16,"column":23}},"11":{"start":{"line":17,"column":0},"end":{"line":17,"column":24}},"12":{"start":{"line":18,"column":0},"end":{"line":18,"column":49}},"13":{"start":{"line":19,"column":0},"end":{"line":19,"column":24}},"14":{"start":{"line":20,"column":0},"end":{"line":20,"column":56}},"15":{"start":{"line":22,"column":0},"end":{"line":22,"column":26}},"16":{"start":{"line":23,"column":0},"end":{"line":23,"column":31}},"17":{"start":{"line":26,"column":0},"end":{"line":28,"column":3}},"18":{"start":{"line":27,"column":2},"end":{"line":27,"column":25}},"19":{"start":{"line":31,"column":0},"end":{"line":39,"column":3}},"20":{"start":{"line":33,"column":2},"end":{"line":33,"column":35}},"21":{"start":{"line":34,"column":2},"end":{"line":34,"column":69}},"22":{"start":{"line":37,"column":2},"end":{"line":37,"column":32}},"23":{"start":{"line":38,"column":2},"end":{"line":38,"column":22}},"24":{"start":{"line":41,"column":0},"end":{"line":41,"column":21}}},"fnMap":{"0":{"name":"(anonymous_0)","decl":{"start":{"line":26,"column":8},"end":{"line":26,"column":9}},"loc":{"start":{"line":26,"column":33},"end":{"line":28,"column":1}},"line":26},"1":{"name":"(anonymous_1)","decl":{"start":{"line":31,"column":8},"end":{"line":31,"column":9}},"loc":{"start":{"line":31,"column":38},"end":{"line":39,"column":1}},"line":31}},"branchMap":{"0":{"loc":{"start":{"line":34,"column":21},"end":{"line":34,"column":68}},"type":"cond-expr","locations":[{"start":{"line":34,"column":60},"end":{"line":34,"column":63}},{"start":{"line":34,"column":66},"end":{"line":34,"column":68}}],"line":34},"1":{"loc":{"start":{"line":37,"column":13},"end":{"line":37,"column":30}},"type":"binary-expr","locations":[{"start":{"line":37,"column":13},"end":{"line":37,"column":23}},{"start":{"line":37,"column":27},"end":{"line":37,"column":30}}],"line":37}},"s":{"0":1,"1":1,"2":1,"3":1,"4":1,"5":1,"6":1,"7":1,"8":1,"9":1,"10":1,"11":1,"12":1,"13":1,"14":1,"15":1,"16":1,"17":1,"18":0,"19":1,"20":0,"21":0,"22":0,"23":0,"24":1},"f":{"0":0,"1":0},"b":{"0":[0,0],"1":[0,0]},"inputSourceMap":null,"_coverageSchema":"1a1c01bbd47fc00a2c39e90264f33305004495a9","hash":"3e941daa5d5a179aa6a762148031a6abd4957b28"}
,"C:\\Users\\Josue\\Desktop\\Cloud-Workshops\\Jest_APITesting\\space-app-api\\routes\\index.js": {"path":"C:\\Users\\Josue\\Desktop\\Cloud-Workshops\\Jest_APITesting\\space-app-api\\routes\\index.js","statementMap":{"0":{"start":{"line":1,"column":14},"end":{"line":1,"column":32}},"1":{"start":{"line":2,"column":13},"end":{"line":2,"column":29}},"2":{"start":{"line":5,"column":0},"end":{"line":7,"column":3}},"3":{"start":{"line":6,"column":2},"end":{"line":6,"column":44}},"4":{"start":{"line":9,"column":0},"end":{"line":9,"column":24}}},"fnMap":{"0":{"name":"(anonymous_0)","decl":{"start":{"line":5,"column":16},"end":{"line":5,"column":17}},"loc":{"start":{"line":5,"column":41},"end":{"line":7,"column":1}},"line":5}},"branchMap":{},"s":{"0":1,"1":1,"2":1,"3":0,"4":1},"f":{"0":0},"b":{},"inputSourceMap":null,"_coverageSchema":"1a1c01bbd47fc00a2c39e90264f33305004495a9","hash":"a4f6a4ef0a5017b7e463826ebdf58a7965a10ba5"}
,"C:\\Users\\Josue\\Desktop\\Cloud-Workshops\\Jest_APITesting\\space-app-api\\routes\\space.js": {"path":"C:\\Users\\Josue\\Desktop\\Cloud-Workshops\\Jest_APITesting\\space-app-api\\routes\\space.js","statementMap":{"0":{"start":{"line":1,"column":14},"end":{"line":1,"column":32}},"1":{"start":{"line":2,"column":13},"end":{"line":2,"column":29}},"2":{"start":{"line":5,"column":0},"end":{"line":7,"column":3}},"3":{"start":{"line":6,"column":2},"end":{"line":6,"column":117}},"4":{"start":{"line":9,"column":0},"end":{"line":12,"column":3}},"5":{"start":{"line":10,"column":2},"end":{"line":11,"column":5}},"6":{"start":{"line":14,"column":0},"end":{"line":89,"column":3}},"7":{"start":{"line":15,"column":2},"end":{"line":88,"column":5}},"8":{"start":{"line":91,"column":0},"end":{"line":144,"column":3}},"9":{"start":{"line":92,"column":2},"end":{"line":143,"column":5}},"10":{"start":{"line":147,"column":0},"end":{"line":147,"column":24}}},"fnMap":{"0":{"name":"(anonymous_0)","decl":{"start":{"line":5,"column":16},"end":{"line":5,"column":17}},"loc":{"start":{"line":5,"column":42},"end":{"line":7,"column":1}},"line":5},"1":{"name":"(anonymous_1)","decl":{"start":{"line":9,"column":28},"end":{"line":9,"column":29}},"loc":{"start":{"line":9,"column":54},"end":{"line":12,"column":1}},"line":9},"2":{"name":"(anonymous_2)","decl":{"start":{"line":14,"column":23},"end":{"line":14,"column":24}},"loc":{"start":{"line":14,"column":49},"end":{"line":89,"column":1}},"line":14},"3":{"name":"(anonymous_3)","decl":{"start":{"line":91,"column":29},"end":{"line":91,"column":30}},"loc":{"start":{"line":91,"column":55},"end":{"line":144,"column":1}},"line":91}},"branchMap":{},"s":{"0":1,"1":1,"2":1,"3":0,"4":1,"5":1,"6":1,"7":1,"8":1,"9":1,"10":1},"f":{"0":0,"1":1,"2":1,"3":1},"b":{},"inputSourceMap":null,"_coverageSchema":"1a1c01bbd47fc00a2c39e90264f33305004495a9","hash":"294bad3f35cbb80a5ee47ff6f00181f8ac91fb0d"}
}
